"Severity","ThreadID","Date","Time","Application","Message"
"ERROR","web-0","02/24/2014","18:12:46","","datasource [beers] doesn't exist
	at railo.runtime.exp.DatabaseException.notFoundException(DatabaseException.java:181):181
	at railo.runtime.PageContextImpl.getDataSource(PageContextImpl.java:3040):3040
	at railo.runtime.tag.Query.doStartTag(Query.java:412):412
	at beers.data_cfc$cf.udfCall(/Users/sharon/Documents/projects/talks/2014/boston-cfug-adding-angular/demos/railo/webapps/www/beers/data.cfc:15):15
	at railo.runtime.type.UDFImpl.implementation(UDFImpl.java:95):95
	at railo.runtime.type.UDFImpl._call(UDFImpl.java:308):308
	at railo.runtime.type.UDFImpl.call(UDFImpl.java:212):212
	at railo.runtime.ComponentImpl._call(ComponentImpl.java:623):623
	at railo.runtime.ComponentImpl._call(ComponentImpl.java:506):506
	at railo.runtime.ComponentImpl.call(ComponentImpl.java:1732):1732
	at railo.runtime.util.VariableUtilImpl.callFunctionWithoutNamedValues(VariableUtilImpl.java:713):713
	at railo.runtime.PageContextImpl.getFunction(PageContextImpl.java:1471):1471
	at beers.application_cfc$cf.udfCall(/Users/sharon/Documents/projects/talks/2014/boston-cfug-adding-angular/demos/railo/webapps/www/beers/application.cfc:11):11
	at railo.runtime.type.UDFImpl.implementation(UDFImpl.java:95):95
	at railo.runtime.type.UDFImpl._call(UDFImpl.java:308):308
	at railo.runtime.type.UDFImpl.call(UDFImpl.java:212):212
	at railo.runtime.ComponentImpl._call(ComponentImpl.java:623):623
	at railo.runtime.ComponentImpl._call(ComponentImpl.java:506):506
	at railo.runtime.ComponentImpl.call(ComponentImpl.java:1732):1732
	at railo.runtime.listener.ModernAppListener.call(ModernAppListener.java:387):387
	at railo.runtime.listener.ModernAppListener.onApplicationStart(ModernAppListener.java:265):265
	at railo.runtime.PageContextImpl.initApplicationContext(PageContextImpl.java:2657):2657
	at railo.runtime.listener.ModernAppListener._onRequest(ModernAppListener.java:100):100
	at railo.runtime.listener.MixedAppListener.onRequest(MixedAppListener.java:18):18
	at railo.runtime.PageContextImpl.execute(PageContextImpl.java:2135):2135
	at railo.runtime.PageContextImpl.execute(PageContextImpl.java:2102):2102
	at railo.runtime.engine.CFMLEngineImpl.serviceCFML(CFMLEngineImpl.java:332):332
	at railo.loader.servlet.CFMLServlet.service(CFMLServlet.java:29):29
	at javax.servlet.http.HttpServlet.service(HttpServlet.java:848):848
	at org.eclipse.jetty.servlet.ServletHolder.handle(ServletHolder.java:686):686
	at org.eclipse.jetty.servlet.ServletHandler.doHandle(ServletHandler.java:501):501
	at org.eclipse.jetty.server.handler.ScopedHandler.handle(ScopedHandler.java:137):137
	at org.eclipse.jetty.security.SecurityHandler.handle(SecurityHandler.java:575):575
	at org.eclipse.jetty.server.session.SessionHandler.doHandle(SessionHandler.java:231):231
	at org.eclipse.jetty.server.handler.ContextHandler.doHandle(ContextHandler.java:1086):1086
	at org.eclipse.jetty.servlet.ServletHandler.doScope(ServletHandler.java:428):428
	at org.eclipse.jetty.server.session.SessionHandler.doScope(SessionHandler.java:193):193
	at org.eclipse.jetty.server.handler.ContextHandler.doScope(ContextHandler.java:1020):1020
	at org.eclipse.jetty.server.handler.ScopedHandler.handle(ScopedHandler.java:135):135
	at org.eclipse.jetty.server.Dispatcher.forward(Dispatcher.java:276):276
	at org.eclipse.jetty.server.Dispatcher.forward(Dispatcher.java:103):103
	at org.eclipse.jetty.servlet.DefaultServlet.doGet(DefaultServlet.java:566):566
	at javax.servlet.http.HttpServlet.service(HttpServlet.java:735):735
	at javax.servlet.http.HttpServlet.service(HttpServlet.java:848):848
	at org.eclipse.jetty.servlet.ServletHolder.handle(ServletHolder.java:686):686
	at org.eclipse.jetty.servlet.ServletHandler.doHandle(ServletHandler.java:501):501
	at org.eclipse.jetty.server.handler.ScopedHandler.handle(ScopedHandler.java:137):137
	at org.eclipse.jetty.security.SecurityHandler.handle(SecurityHandler.java:557):557
	at org.eclipse.jetty.server.session.SessionHandler.doHandle(SessionHandler.java:231):231
	at org.eclipse.jetty.server.handler.ContextHandler.doHandle(ContextHandler.java:1086):1086
	at org.eclipse.jetty.servlet.ServletHandler.doScope(ServletHandler.java:428):428
	at org.eclipse.jetty.server.session.SessionHandler.doScope(SessionHandler.java:193):193
	at org.eclipse.jetty.server.handler.ContextHandler.doScope(ContextHandler.java:1020):1020
	at org.eclipse.jetty.server.handler.ScopedHandler.handle(ScopedHandler.java:135):135
	at org.eclipse.jetty.server.handler.ContextHandlerCollection.handle(ContextHandlerCollection.java:255):255
	at org.eclipse.jetty.server.handler.HandlerCollection.handle(HandlerCollection.java:154):154
	at org.eclipse.jetty.server.handler.HandlerWrapper.handle(HandlerWrapper.java:116):116
	at org.eclipse.jetty.server.Server.handle(Server.java:370):370
	at org.eclipse.jetty.server.AbstractHttpConnection.handleRequest(AbstractHttpConnection.java:489):489
	at org.eclipse.jetty.server.AbstractHttpConnection.headerComplete(AbstractHttpConnection.java:949):949
	at org.eclipse.jetty.server.AbstractHttpConnection$RequestHandler.headerComplete(AbstractHttpConnection.java:1011):1011
	at org.eclipse.jetty.http.HttpParser.parseNext(HttpParser.java:644):644
	at org.eclipse.jetty.http.HttpParser.parseAvailable(HttpParser.java:235):235
	at org.eclipse.jetty.server.AsyncHttpConnection.handle(AsyncHttpConnection.java:82):82
	at org.eclipse.jetty.io.nio.SelectChannelEndPoint.handle(SelectChannelEndPoint.java:668):668
	at org.eclipse.jetty.io.nio.SelectChannelEndPoint$1.run(SelectChannelEndPoint.java:52):52
	at org.eclipse.jetty.util.thread.QueuedThreadPool.runJob(QueuedThreadPool.java:608):608
	at org.eclipse.jetty.util.thread.QueuedThreadPool$3.run(QueuedThreadPool.java:543):543
	at java.lang.Thread.run(Thread.java:695):695
"
"ERROR","web-0","02/24/2014","18:42:49","","custom tag ""format.[cfm|cfc]"" is not defined in directory ""/Users/sharon/Documents/projects/talks/2014/boston-cfug-adding-angular/demos/railo/webapps/www/beers"" and directories ""/Applications/ColdFusion10/cfusion/wwwroot/custom_tags, /Users/sharon/Documents/projects/talks/2014/boston-cfug-adding-angular/demos/railo/webapps/www/WEB-INF/railo/customtags, /Users/sharon/Documents/projects/talks/2014/boston-cfug-adding-angular/demos/railo/webapps/www/WEB-INF/railo/customtags""
	at railo.runtime.customtag.CustomTagUtil.loadInitFile(CustomTagUtil.java:61):61
	at railo.runtime.tag.CFTag.initFile(CFTag.java:206):206
	at railo.runtime.tag.CFTag.initFile(CFTag.java:202):202
	at railo.runtime.tag.CFTag.doStartTag(CFTag.java:156):156
	at beers.index_cfm$cf.call(/Users/sharon/Documents/projects/talks/2014/boston-cfug-adding-angular/demos/railo/webapps/www/beers/index.cfm:3):3
	at railo.runtime.PageContextImpl.doInclude(PageContextImpl.java:838):838
	at railo.runtime.PageContextImpl.doInclude(PageContextImpl.java:790):790
	at railo.runtime.listener.ModernAppListener._onRequest(ModernAppListener.java:205):205
	at railo.runtime.listener.MixedAppListener.onRequest(MixedAppListener.java:18):18
	at railo.runtime.PageContextImpl.execute(PageContextImpl.java:2135):2135
	at railo.runtime.PageContextImpl.execute(PageContextImpl.java:2102):2102
	at railo.runtime.engine.CFMLEngineImpl.serviceCFML(CFMLEngineImpl.java:332):332
	at railo.loader.servlet.CFMLServlet.service(CFMLServlet.java:29):29
	at javax.servlet.http.HttpServlet.service(HttpServlet.java:848):848
	at org.eclipse.jetty.servlet.ServletHolder.handle(ServletHolder.java:686):686
	at org.eclipse.jetty.servlet.ServletHandler.doHandle(ServletHandler.java:501):501
	at org.eclipse.jetty.server.handler.ScopedHandler.handle(ScopedHandler.java:137):137
	at org.eclipse.jetty.security.SecurityHandler.handle(SecurityHandler.java:575):575
	at org.eclipse.jetty.server.session.SessionHandler.doHandle(SessionHandler.java:231):231
	at org.eclipse.jetty.server.handler.ContextHandler.doHandle(ContextHandler.java:1086):1086
	at org.eclipse.jetty.servlet.ServletHandler.doScope(ServletHandler.java:428):428
	at org.eclipse.jetty.server.session.SessionHandler.doScope(SessionHandler.java:193):193
	at org.eclipse.jetty.server.handler.ContextHandler.doScope(ContextHandler.java:1020):1020
	at org.eclipse.jetty.server.handler.ScopedHandler.handle(ScopedHandler.java:135):135
	at org.eclipse.jetty.server.Dispatcher.forward(Dispatcher.java:276):276
	at org.eclipse.jetty.server.Dispatcher.forward(Dispatcher.java:103):103
	at org.eclipse.jetty.servlet.DefaultServlet.doGet(DefaultServlet.java:566):566
	at javax.servlet.http.HttpServlet.service(HttpServlet.java:735):735
	at javax.servlet.http.HttpServlet.service(HttpServlet.java:848):848
	at org.eclipse.jetty.servlet.ServletHolder.handle(ServletHolder.java:686):686
	at org.eclipse.jetty.servlet.ServletHandler.doHandle(ServletHandler.java:501):501
	at org.eclipse.jetty.server.handler.ScopedHandler.handle(ScopedHandler.java:137):137
	at org.eclipse.jetty.security.SecurityHandler.handle(SecurityHandler.java:557):557
	at org.eclipse.jetty.server.session.SessionHandler.doHandle(SessionHandler.java:231):231
	at org.eclipse.jetty.server.handler.ContextHandler.doHandle(ContextHandler.java:1086):1086
	at org.eclipse.jetty.servlet.ServletHandler.doScope(ServletHandler.java:428):428
	at org.eclipse.jetty.server.session.SessionHandler.doScope(SessionHandler.java:193):193
	at org.eclipse.jetty.server.handler.ContextHandler.doScope(ContextHandler.java:1020):1020
	at org.eclipse.jetty.server.handler.ScopedHandler.handle(ScopedHandler.java:135):135
	at org.eclipse.jetty.server.handler.ContextHandlerCollection.handle(ContextHandlerCollection.java:255):255
	at org.eclipse.jetty.server.handler.HandlerCollection.handle(HandlerCollection.java:154):154
	at org.eclipse.jetty.server.handler.HandlerWrapper.handle(HandlerWrapper.java:116):116
	at org.eclipse.jetty.server.Server.handle(Server.java:370):370
	at org.eclipse.jetty.server.AbstractHttpConnection.handleRequest(AbstractHttpConnection.java:489):489
	at org.eclipse.jetty.server.AbstractHttpConnection.headerComplete(AbstractHttpConnection.java:949):949
	at org.eclipse.jetty.server.AbstractHttpConnection$RequestHandler.headerComplete(AbstractHttpConnection.java:1011):1011
	at org.eclipse.jetty.http.HttpParser.parseNext(HttpParser.java:644):644
	at org.eclipse.jetty.http.HttpParser.parseAvailable(HttpParser.java:235):235
	at org.eclipse.jetty.server.AsyncHttpConnection.handle(AsyncHttpConnection.java:82):82
	at org.eclipse.jetty.io.nio.SelectChannelEndPoint.handle(SelectChannelEndPoint.java:668):668
	at org.eclipse.jetty.io.nio.SelectChannelEndPoint$1.run(SelectChannelEndPoint.java:52):52
	at org.eclipse.jetty.util.thread.QueuedThreadPool.runJob(QueuedThreadPool.java:608):608
	at org.eclipse.jetty.util.thread.QueuedThreadPool$3.run(QueuedThreadPool.java:543):543
	at java.lang.Thread.run(Thread.java:695):695
"
"ERROR","web-0","02/24/2014","18:42:52","","custom tag ""format.[cfm|cfc]"" is not defined in directory ""/Users/sharon/Documents/projects/talks/2014/boston-cfug-adding-angular/demos/railo/webapps/www/beers"" and directories ""/Applications/ColdFusion10/cfusion/wwwroot/custom_tags, /Users/sharon/Documents/projects/talks/2014/boston-cfug-adding-angular/demos/railo/webapps/www/WEB-INF/railo/customtags, /Users/sharon/Documents/projects/talks/2014/boston-cfug-adding-angular/demos/railo/webapps/www/WEB-INF/railo/customtags""
	at railo.runtime.customtag.CustomTagUtil.loadInitFile(CustomTagUtil.java:61):61
	at railo.runtime.tag.CFTag.initFile(CFTag.java:206):206
	at railo.runtime.tag.CFTag.initFile(CFTag.java:202):202
	at railo.runtime.tag.CFTag.doStartTag(CFTag.java:156):156
	at beers.index_cfm$cf.call(/Users/sharon/Documents/projects/talks/2014/boston-cfug-adding-angular/demos/railo/webapps/www/beers/index.cfm:3):3
	at railo.runtime.PageContextImpl.doInclude(PageContextImpl.java:838):838
	at railo.runtime.PageContextImpl.doInclude(PageContextImpl.java:790):790
	at railo.runtime.listener.ModernAppListener._onRequest(ModernAppListener.java:205):205
	at railo.runtime.listener.MixedAppListener.onRequest(MixedAppListener.java:18):18
	at railo.runtime.PageContextImpl.execute(PageContextImpl.java:2135):2135
	at railo.runtime.PageContextImpl.execute(PageContextImpl.java:2102):2102
	at railo.runtime.engine.CFMLEngineImpl.serviceCFML(CFMLEngineImpl.java:332):332
	at railo.loader.servlet.CFMLServlet.service(CFMLServlet.java:29):29
	at javax.servlet.http.HttpServlet.service(HttpServlet.java:848):848
	at org.eclipse.jetty.servlet.ServletHolder.handle(ServletHolder.java:686):686
	at org.eclipse.jetty.servlet.ServletHandler.doHandle(ServletHandler.java:501):501
	at org.eclipse.jetty.server.handler.ScopedHandler.handle(ScopedHandler.java:137):137
	at org.eclipse.jetty.security.SecurityHandler.handle(SecurityHandler.java:575):575
	at org.eclipse.jetty.server.session.SessionHandler.doHandle(SessionHandler.java:231):231
	at org.eclipse.jetty.server.handler.ContextHandler.doHandle(ContextHandler.java:1086):1086
	at org.eclipse.jetty.servlet.ServletHandler.doScope(ServletHandler.java:428):428
	at org.eclipse.jetty.server.session.SessionHandler.doScope(SessionHandler.java:193):193
	at org.eclipse.jetty.server.handler.ContextHandler.doScope(ContextHandler.java:1020):1020
	at org.eclipse.jetty.server.handler.ScopedHandler.handle(ScopedHandler.java:135):135
	at org.eclipse.jetty.server.Dispatcher.forward(Dispatcher.java:276):276
	at org.eclipse.jetty.server.Dispatcher.forward(Dispatcher.java:103):103
	at org.eclipse.jetty.servlet.DefaultServlet.doGet(DefaultServlet.java:566):566
	at javax.servlet.http.HttpServlet.service(HttpServlet.java:735):735
	at javax.servlet.http.HttpServlet.service(HttpServlet.java:848):848
	at org.eclipse.jetty.servlet.ServletHolder.handle(ServletHolder.java:686):686
	at org.eclipse.jetty.servlet.ServletHandler.doHandle(ServletHandler.java:501):501
	at org.eclipse.jetty.server.handler.ScopedHandler.handle(ScopedHandler.java:137):137
	at org.eclipse.jetty.security.SecurityHandler.handle(SecurityHandler.java:557):557
	at org.eclipse.jetty.server.session.SessionHandler.doHandle(SessionHandler.java:231):231
	at org.eclipse.jetty.server.handler.ContextHandler.doHandle(ContextHandler.java:1086):1086
	at org.eclipse.jetty.servlet.ServletHandler.doScope(ServletHandler.java:428):428
	at org.eclipse.jetty.server.session.SessionHandler.doScope(SessionHandler.java:193):193
	at org.eclipse.jetty.server.handler.ContextHandler.doScope(ContextHandler.java:1020):1020
	at org.eclipse.jetty.server.handler.ScopedHandler.handle(ScopedHandler.java:135):135
	at org.eclipse.jetty.server.handler.ContextHandlerCollection.handle(ContextHandlerCollection.java:255):255
	at org.eclipse.jetty.server.handler.HandlerCollection.handle(HandlerCollection.java:154):154
	at org.eclipse.jetty.server.handler.HandlerWrapper.handle(HandlerWrapper.java:116):116
	at org.eclipse.jetty.server.Server.handle(Server.java:370):370
	at org.eclipse.jetty.server.AbstractHttpConnection.handleRequest(AbstractHttpConnection.java:489):489
	at org.eclipse.jetty.server.AbstractHttpConnection.headerComplete(AbstractHttpConnection.java:949):949
	at org.eclipse.jetty.server.AbstractHttpConnection$RequestHandler.headerComplete(AbstractHttpConnection.java:1011):1011
	at org.eclipse.jetty.http.HttpParser.parseNext(HttpParser.java:644):644
	at org.eclipse.jetty.http.HttpParser.parseAvailable(HttpParser.java:235):235
	at org.eclipse.jetty.server.AsyncHttpConnection.handle(AsyncHttpConnection.java:82):82
	at org.eclipse.jetty.io.nio.SelectChannelEndPoint.handle(SelectChannelEndPoint.java:668):668
	at org.eclipse.jetty.io.nio.SelectChannelEndPoint$1.run(SelectChannelEndPoint.java:52):52
	at org.eclipse.jetty.util.thread.QueuedThreadPool.runJob(QueuedThreadPool.java:608):608
	at org.eclipse.jetty.util.thread.QueuedThreadPool$3.run(QueuedThreadPool.java:543):543
	at java.lang.Thread.run(Thread.java:695):695
"
"ERROR","web-0","02/24/2014","18:43:23","","custom tag ""format.[cfm|cfc]"" is not defined in directory ""/Users/sharon/Documents/projects/talks/2014/boston-cfug-adding-angular/demos/railo/webapps/www/beers"" and directories ""/Applications/ColdFusion10/cfusion/wwwroot/custom_tags, /Users/sharon/Documents/projects/talks/2014/boston-cfug-adding-angular/demos/railo/webapps/www/WEB-INF/railo/customtags, /Users/sharon/Documents/projects/talks/2014/boston-cfug-adding-angular/demos/railo/webapps/www/WEB-INF/railo/customtags""
	at railo.runtime.customtag.CustomTagUtil.loadInitFile(CustomTagUtil.java:61):61
	at railo.runtime.tag.CFTag.initFile(CFTag.java:206):206
	at railo.runtime.tag.CFTag.initFile(CFTag.java:202):202
	at railo.runtime.tag.CFTag.doStartTag(CFTag.java:156):156
	at beers.index_cfm$cf.call(/Users/sharon/Documents/projects/talks/2014/boston-cfug-adding-angular/demos/railo/webapps/www/beers/index.cfm:3):3
	at railo.runtime.PageContextImpl.doInclude(PageContextImpl.java:838):838
	at railo.runtime.PageContextImpl.doInclude(PageContextImpl.java:790):790
	at railo.runtime.listener.ModernAppListener._onRequest(ModernAppListener.java:205):205
	at railo.runtime.listener.MixedAppListener.onRequest(MixedAppListener.java:18):18
	at railo.runtime.PageContextImpl.execute(PageContextImpl.java:2135):2135
	at railo.runtime.PageContextImpl.execute(PageContextImpl.java:2102):2102
	at railo.runtime.engine.CFMLEngineImpl.serviceCFML(CFMLEngineImpl.java:332):332
	at railo.loader.servlet.CFMLServlet.service(CFMLServlet.java:29):29
	at javax.servlet.http.HttpServlet.service(HttpServlet.java:848):848
	at org.eclipse.jetty.servlet.ServletHolder.handle(ServletHolder.java:686):686
	at org.eclipse.jetty.servlet.ServletHandler.doHandle(ServletHandler.java:501):501
	at org.eclipse.jetty.server.handler.ScopedHandler.handle(ScopedHandler.java:137):137
	at org.eclipse.jetty.security.SecurityHandler.handle(SecurityHandler.java:575):575
	at org.eclipse.jetty.server.session.SessionHandler.doHandle(SessionHandler.java:231):231
	at org.eclipse.jetty.server.handler.ContextHandler.doHandle(ContextHandler.java:1086):1086
	at org.eclipse.jetty.servlet.ServletHandler.doScope(ServletHandler.java:428):428
	at org.eclipse.jetty.server.session.SessionHandler.doScope(SessionHandler.java:193):193
	at org.eclipse.jetty.server.handler.ContextHandler.doScope(ContextHandler.java:1020):1020
	at org.eclipse.jetty.server.handler.ScopedHandler.handle(ScopedHandler.java:135):135
	at org.eclipse.jetty.server.Dispatcher.forward(Dispatcher.java:276):276
	at org.eclipse.jetty.server.Dispatcher.forward(Dispatcher.java:103):103
	at org.eclipse.jetty.servlet.DefaultServlet.doGet(DefaultServlet.java:566):566
	at javax.servlet.http.HttpServlet.service(HttpServlet.java:735):735
	at javax.servlet.http.HttpServlet.service(HttpServlet.java:848):848
	at org.eclipse.jetty.servlet.ServletHolder.handle(ServletHolder.java:686):686
	at org.eclipse.jetty.servlet.ServletHandler.doHandle(ServletHandler.java:501):501
	at org.eclipse.jetty.server.handler.ScopedHandler.handle(ScopedHandler.java:137):137
	at org.eclipse.jetty.security.SecurityHandler.handle(SecurityHandler.java:557):557
	at org.eclipse.jetty.server.session.SessionHandler.doHandle(SessionHandler.java:231):231
	at org.eclipse.jetty.server.handler.ContextHandler.doHandle(ContextHandler.java:1086):1086
	at org.eclipse.jetty.servlet.ServletHandler.doScope(ServletHandler.java:428):428
	at org.eclipse.jetty.server.session.SessionHandler.doScope(SessionHandler.java:193):193
	at org.eclipse.jetty.server.handler.ContextHandler.doScope(ContextHandler.java:1020):1020
	at org.eclipse.jetty.server.handler.ScopedHandler.handle(ScopedHandler.java:135):135
	at org.eclipse.jetty.server.handler.ContextHandlerCollection.handle(ContextHandlerCollection.java:255):255
	at org.eclipse.jetty.server.handler.HandlerCollection.handle(HandlerCollection.java:154):154
	at org.eclipse.jetty.server.handler.HandlerWrapper.handle(HandlerWrapper.java:116):116
	at org.eclipse.jetty.server.Server.handle(Server.java:370):370
	at org.eclipse.jetty.server.AbstractHttpConnection.handleRequest(AbstractHttpConnection.java:489):489
	at org.eclipse.jetty.server.AbstractHttpConnection.headerComplete(AbstractHttpConnection.java:949):949
	at org.eclipse.jetty.server.AbstractHttpConnection$RequestHandler.headerComplete(AbstractHttpConnection.java:1011):1011
	at org.eclipse.jetty.http.HttpParser.parseNext(HttpParser.java:644):644
	at org.eclipse.jetty.http.HttpParser.parseAvailable(HttpParser.java:235):235
	at org.eclipse.jetty.server.AsyncHttpConnection.handle(AsyncHttpConnection.java:82):82
	at org.eclipse.jetty.io.nio.SelectChannelEndPoint.handle(SelectChannelEndPoint.java:668):668
	at org.eclipse.jetty.io.nio.SelectChannelEndPoint$1.run(SelectChannelEndPoint.java:52):52
	at org.eclipse.jetty.util.thread.QueuedThreadPool.runJob(QueuedThreadPool.java:608):608
	at org.eclipse.jetty.util.thread.QueuedThreadPool$3.run(QueuedThreadPool.java:543):543
	at java.lang.Thread.run(Thread.java:695):695
"
"ERROR","web-0","02/24/2014","18:43:24","","custom tag ""format.[cfm|cfc]"" is not defined in directory ""/Users/sharon/Documents/projects/talks/2014/boston-cfug-adding-angular/demos/railo/webapps/www/beers"" and directories ""/Applications/ColdFusion10/cfusion/wwwroot/custom_tags, /Users/sharon/Documents/projects/talks/2014/boston-cfug-adding-angular/demos/railo/webapps/www/WEB-INF/railo/customtags, /Users/sharon/Documents/projects/talks/2014/boston-cfug-adding-angular/demos/railo/webapps/www/WEB-INF/railo/customtags""
	at railo.runtime.customtag.CustomTagUtil.loadInitFile(CustomTagUtil.java:61):61
	at railo.runtime.tag.CFTag.initFile(CFTag.java:206):206
	at railo.runtime.tag.CFTag.initFile(CFTag.java:202):202
	at railo.runtime.tag.CFTag.doStartTag(CFTag.java:156):156
	at beers.index_cfm$cf.call(/Users/sharon/Documents/projects/talks/2014/boston-cfug-adding-angular/demos/railo/webapps/www/beers/index.cfm:3):3
	at railo.runtime.PageContextImpl.doInclude(PageContextImpl.java:838):838
	at railo.runtime.PageContextImpl.doInclude(PageContextImpl.java:790):790
	at railo.runtime.listener.ModernAppListener._onRequest(ModernAppListener.java:205):205
	at railo.runtime.listener.MixedAppListener.onRequest(MixedAppListener.java:18):18
	at railo.runtime.PageContextImpl.execute(PageContextImpl.java:2135):2135
	at railo.runtime.PageContextImpl.execute(PageContextImpl.java:2102):2102
	at railo.runtime.engine.CFMLEngineImpl.serviceCFML(CFMLEngineImpl.java:332):332
	at railo.loader.servlet.CFMLServlet.service(CFMLServlet.java:29):29
	at javax.servlet.http.HttpServlet.service(HttpServlet.java:848):848
	at org.eclipse.jetty.servlet.ServletHolder.handle(ServletHolder.java:686):686
	at org.eclipse.jetty.servlet.ServletHandler.doHandle(ServletHandler.java:501):501
	at org.eclipse.jetty.server.handler.ScopedHandler.handle(ScopedHandler.java:137):137
	at org.eclipse.jetty.security.SecurityHandler.handle(SecurityHandler.java:575):575
	at org.eclipse.jetty.server.session.SessionHandler.doHandle(SessionHandler.java:231):231
	at org.eclipse.jetty.server.handler.ContextHandler.doHandle(ContextHandler.java:1086):1086
	at org.eclipse.jetty.servlet.ServletHandler.doScope(ServletHandler.java:428):428
	at org.eclipse.jetty.server.session.SessionHandler.doScope(SessionHandler.java:193):193
	at org.eclipse.jetty.server.handler.ContextHandler.doScope(ContextHandler.java:1020):1020
	at org.eclipse.jetty.server.handler.ScopedHandler.handle(ScopedHandler.java:135):135
	at org.eclipse.jetty.server.Dispatcher.forward(Dispatcher.java:276):276
	at org.eclipse.jetty.server.Dispatcher.forward(Dispatcher.java:103):103
	at org.eclipse.jetty.servlet.DefaultServlet.doGet(DefaultServlet.java:566):566
	at javax.servlet.http.HttpServlet.service(HttpServlet.java:735):735
	at javax.servlet.http.HttpServlet.service(HttpServlet.java:848):848
	at org.eclipse.jetty.servlet.ServletHolder.handle(ServletHolder.java:686):686
	at org.eclipse.jetty.servlet.ServletHandler.doHandle(ServletHandler.java:501):501
	at org.eclipse.jetty.server.handler.ScopedHandler.handle(ScopedHandler.java:137):137
	at org.eclipse.jetty.security.SecurityHandler.handle(SecurityHandler.java:557):557
	at org.eclipse.jetty.server.session.SessionHandler.doHandle(SessionHandler.java:231):231
	at org.eclipse.jetty.server.handler.ContextHandler.doHandle(ContextHandler.java:1086):1086
	at org.eclipse.jetty.servlet.ServletHandler.doScope(ServletHandler.java:428):428
	at org.eclipse.jetty.server.session.SessionHandler.doScope(SessionHandler.java:193):193
	at org.eclipse.jetty.server.handler.ContextHandler.doScope(ContextHandler.java:1020):1020
	at org.eclipse.jetty.server.handler.ScopedHandler.handle(ScopedHandler.java:135):135
	at org.eclipse.jetty.server.handler.ContextHandlerCollection.handle(ContextHandlerCollection.java:255):255
	at org.eclipse.jetty.server.handler.HandlerCollection.handle(HandlerCollection.java:154):154
	at org.eclipse.jetty.server.handler.HandlerWrapper.handle(HandlerWrapper.java:116):116
	at org.eclipse.jetty.server.Server.handle(Server.java:370):370
	at org.eclipse.jetty.server.AbstractHttpConnection.handleRequest(AbstractHttpConnection.java:489):489
	at org.eclipse.jetty.server.AbstractHttpConnection.headerComplete(AbstractHttpConnection.java:949):949
	at org.eclipse.jetty.server.AbstractHttpConnection$RequestHandler.headerComplete(AbstractHttpConnection.java:1011):1011
	at org.eclipse.jetty.http.HttpParser.parseNext(HttpParser.java:644):644
	at org.eclipse.jetty.http.HttpParser.parseAvailable(HttpParser.java:235):235
	at org.eclipse.jetty.server.AsyncHttpConnection.handle(AsyncHttpConnection.java:82):82
	at org.eclipse.jetty.io.nio.SelectChannelEndPoint.handle(SelectChannelEndPoint.java:668):668
	at org.eclipse.jetty.io.nio.SelectChannelEndPoint$1.run(SelectChannelEndPoint.java:52):52
	at org.eclipse.jetty.util.thread.QueuedThreadPool.runJob(QueuedThreadPool.java:608):608
	at org.eclipse.jetty.util.thread.QueuedThreadPool$3.run(QueuedThreadPool.java:543):543
	at java.lang.Thread.run(Thread.java:695):695
"
"ERROR","web-0","02/24/2014","18:43:26","","custom tag ""format.[cfm|cfc]"" is not defined in directory ""/Users/sharon/Documents/projects/talks/2014/boston-cfug-adding-angular/demos/railo/webapps/www/beers"" and directories ""/Applications/ColdFusion10/cfusion/wwwroot/custom_tags, /Users/sharon/Documents/projects/talks/2014/boston-cfug-adding-angular/demos/railo/webapps/www/WEB-INF/railo/customtags, /Users/sharon/Documents/projects/talks/2014/boston-cfug-adding-angular/demos/railo/webapps/www/WEB-INF/railo/customtags""
	at railo.runtime.customtag.CustomTagUtil.loadInitFile(CustomTagUtil.java:61):61
	at railo.runtime.tag.CFTag.initFile(CFTag.java:206):206
	at railo.runtime.tag.CFTag.initFile(CFTag.java:202):202
	at railo.runtime.tag.CFTag.doStartTag(CFTag.java:156):156
	at beers.index_cfm$cf.call(/Users/sharon/Documents/projects/talks/2014/boston-cfug-adding-angular/demos/railo/webapps/www/beers/index.cfm:3):3
	at railo.runtime.PageContextImpl.doInclude(PageContextImpl.java:838):838
	at railo.runtime.PageContextImpl.doInclude(PageContextImpl.java:790):790
	at railo.runtime.listener.ModernAppListener._onRequest(ModernAppListener.java:205):205
	at railo.runtime.listener.MixedAppListener.onRequest(MixedAppListener.java:18):18
	at railo.runtime.PageContextImpl.execute(PageContextImpl.java:2135):2135
	at railo.runtime.PageContextImpl.execute(PageContextImpl.java:2102):2102
	at railo.runtime.engine.CFMLEngineImpl.serviceCFML(CFMLEngineImpl.java:332):332
	at railo.loader.servlet.CFMLServlet.service(CFMLServlet.java:29):29
	at javax.servlet.http.HttpServlet.service(HttpServlet.java:848):848
	at org.eclipse.jetty.servlet.ServletHolder.handle(ServletHolder.java:686):686
	at org.eclipse.jetty.servlet.ServletHandler.doHandle(ServletHandler.java:501):501
	at org.eclipse.jetty.server.handler.ScopedHandler.handle(ScopedHandler.java:137):137
	at org.eclipse.jetty.security.SecurityHandler.handle(SecurityHandler.java:575):575
	at org.eclipse.jetty.server.session.SessionHandler.doHandle(SessionHandler.java:231):231
	at org.eclipse.jetty.server.handler.ContextHandler.doHandle(ContextHandler.java:1086):1086
	at org.eclipse.jetty.servlet.ServletHandler.doScope(ServletHandler.java:428):428
	at org.eclipse.jetty.server.session.SessionHandler.doScope(SessionHandler.java:193):193
	at org.eclipse.jetty.server.handler.ContextHandler.doScope(ContextHandler.java:1020):1020
	at org.eclipse.jetty.server.handler.ScopedHandler.handle(ScopedHandler.java:135):135
	at org.eclipse.jetty.server.Dispatcher.forward(Dispatcher.java:276):276
	at org.eclipse.jetty.server.Dispatcher.forward(Dispatcher.java:103):103
	at org.eclipse.jetty.servlet.DefaultServlet.doGet(DefaultServlet.java:566):566
	at javax.servlet.http.HttpServlet.service(HttpServlet.java:735):735
	at javax.servlet.http.HttpServlet.service(HttpServlet.java:848):848
	at org.eclipse.jetty.servlet.ServletHolder.handle(ServletHolder.java:686):686
	at org.eclipse.jetty.servlet.ServletHandler.doHandle(ServletHandler.java:501):501
	at org.eclipse.jetty.server.handler.ScopedHandler.handle(ScopedHandler.java:137):137
	at org.eclipse.jetty.security.SecurityHandler.handle(SecurityHandler.java:557):557
	at org.eclipse.jetty.server.session.SessionHandler.doHandle(SessionHandler.java:231):231
	at org.eclipse.jetty.server.handler.ContextHandler.doHandle(ContextHandler.java:1086):1086
	at org.eclipse.jetty.servlet.ServletHandler.doScope(ServletHandler.java:428):428
	at org.eclipse.jetty.server.session.SessionHandler.doScope(SessionHandler.java:193):193
	at org.eclipse.jetty.server.handler.ContextHandler.doScope(ContextHandler.java:1020):1020
	at org.eclipse.jetty.server.handler.ScopedHandler.handle(ScopedHandler.java:135):135
	at org.eclipse.jetty.server.handler.ContextHandlerCollection.handle(ContextHandlerCollection.java:255):255
	at org.eclipse.jetty.server.handler.HandlerCollection.handle(HandlerCollection.java:154):154
	at org.eclipse.jetty.server.handler.HandlerWrapper.handle(HandlerWrapper.java:116):116
	at org.eclipse.jetty.server.Server.handle(Server.java:370):370
	at org.eclipse.jetty.server.AbstractHttpConnection.handleRequest(AbstractHttpConnection.java:489):489
	at org.eclipse.jetty.server.AbstractHttpConnection.headerComplete(AbstractHttpConnection.java:949):949
	at org.eclipse.jetty.server.AbstractHttpConnection$RequestHandler.headerComplete(AbstractHttpConnection.java:1011):1011
	at org.eclipse.jetty.http.HttpParser.parseNext(HttpParser.java:644):644
	at org.eclipse.jetty.http.HttpParser.parseAvailable(HttpParser.java:235):235
	at org.eclipse.jetty.server.AsyncHttpConnection.handle(AsyncHttpConnection.java:82):82
	at org.eclipse.jetty.io.nio.SelectChannelEndPoint.handle(SelectChannelEndPoint.java:668):668
	at org.eclipse.jetty.io.nio.SelectChannelEndPoint$1.run(SelectChannelEndPoint.java:52):52
	at org.eclipse.jetty.util.thread.QueuedThreadPool.runJob(QueuedThreadPool.java:608):608
	at org.eclipse.jetty.util.thread.QueuedThreadPool$3.run(QueuedThreadPool.java:543):543
	at java.lang.Thread.run(Thread.java:695):695
"
"ERROR","web-0","02/24/2014","18:44:45","","key [SORTBY] doesn't exist (existing keys:page)
	at railo.runtime.type.util.StructSupport.invalidKey(StructSupport.java:51):51
	at railo.runtime.type.StructImpl.get(StructImpl.java:112):112
	at beers.da_beers135.index_cfm$cf.call(/Users/sharon/Documents/projects/talks/2014/boston-cfug-adding-angular/demos/railo/webapps/www/beers/da-beers/index.cfm:22):22
	at railo.runtime.PageContextImpl.doInclude(PageContextImpl.java:838):838
	at railo.runtime.PageContextImpl.doInclude(PageContextImpl.java:790):790
	at railo.runtime.listener.ModernAppListener._onRequest(ModernAppListener.java:205):205
	at railo.runtime.listener.MixedAppListener.onRequest(MixedAppListener.java:18):18
	at railo.runtime.PageContextImpl.execute(PageContextImpl.java:2135):2135
	at railo.runtime.PageContextImpl.execute(PageContextImpl.java:2102):2102
	at railo.runtime.engine.CFMLEngineImpl.serviceCFML(CFMLEngineImpl.java:332):332
	at railo.loader.servlet.CFMLServlet.service(CFMLServlet.java:29):29
	at javax.servlet.http.HttpServlet.service(HttpServlet.java:848):848
	at org.eclipse.jetty.servlet.ServletHolder.handle(ServletHolder.java:686):686
	at org.eclipse.jetty.servlet.ServletHandler.doHandle(ServletHandler.java:501):501
	at org.eclipse.jetty.server.handler.ScopedHandler.handle(ScopedHandler.java:137):137
	at org.eclipse.jetty.security.SecurityHandler.handle(SecurityHandler.java:557):557
	at org.eclipse.jetty.server.session.SessionHandler.doHandle(SessionHandler.java:231):231
	at org.eclipse.jetty.server.handler.ContextHandler.doHandle(ContextHandler.java:1086):1086
	at org.eclipse.jetty.servlet.ServletHandler.doScope(ServletHandler.java:428):428
	at org.eclipse.jetty.server.session.SessionHandler.doScope(SessionHandler.java:193):193
	at org.eclipse.jetty.server.handler.ContextHandler.doScope(ContextHandler.java:1020):1020
	at org.eclipse.jetty.server.handler.ScopedHandler.handle(ScopedHandler.java:135):135
	at org.eclipse.jetty.server.handler.ContextHandlerCollection.handle(ContextHandlerCollection.java:255):255
	at org.eclipse.jetty.server.handler.HandlerCollection.handle(HandlerCollection.java:154):154
	at org.eclipse.jetty.server.handler.HandlerWrapper.handle(HandlerWrapper.java:116):116
	at org.eclipse.jetty.server.Server.handle(Server.java:370):370
	at org.eclipse.jetty.server.AbstractHttpConnection.handleRequest(AbstractHttpConnection.java:489):489
	at org.eclipse.jetty.server.AbstractHttpConnection.headerComplete(AbstractHttpConnection.java:949):949
	at org.eclipse.jetty.server.AbstractHttpConnection$RequestHandler.headerComplete(AbstractHttpConnection.java:1011):1011
	at org.eclipse.jetty.http.HttpParser.parseNext(HttpParser.java:644):644
	at org.eclipse.jetty.http.HttpParser.parseAvailable(HttpParser.java:235):235
	at org.eclipse.jetty.server.AsyncHttpConnection.handle(AsyncHttpConnection.java:82):82
	at org.eclipse.jetty.io.nio.SelectChannelEndPoint.handle(SelectChannelEndPoint.java:668):668
	at org.eclipse.jetty.io.nio.SelectChannelEndPoint$1.run(SelectChannelEndPoint.java:52):52
	at org.eclipse.jetty.util.thread.QueuedThreadPool.runJob(QueuedThreadPool.java:608):608
	at org.eclipse.jetty.util.thread.QueuedThreadPool$3.run(QueuedThreadPool.java:543):543
	at java.lang.Thread.run(Thread.java:695):695
"
"ERROR","web-0","02/24/2014","18:45:17","","key [SORTBY] doesn't exist (existing keys:page)
	at railo.runtime.type.util.StructSupport.invalidKey(StructSupport.java:51):51
	at railo.runtime.type.StructImpl.get(StructImpl.java:112):112
	at beers.da_beers135.index_cfm$cf.call(/Users/sharon/Documents/projects/talks/2014/boston-cfug-adding-angular/demos/railo/webapps/www/beers/da-beers/index.cfm:22):22
	at railo.runtime.PageContextImpl.doInclude(PageContextImpl.java:838):838
	at railo.runtime.PageContextImpl.doInclude(PageContextImpl.java:790):790
	at railo.runtime.listener.ModernAppListener._onRequest(ModernAppListener.java:205):205
	at railo.runtime.listener.MixedAppListener.onRequest(MixedAppListener.java:18):18
	at railo.runtime.PageContextImpl.execute(PageContextImpl.java:2135):2135
	at railo.runtime.PageContextImpl.execute(PageContextImpl.java:2102):2102
	at railo.runtime.engine.CFMLEngineImpl.serviceCFML(CFMLEngineImpl.java:332):332
	at railo.loader.servlet.CFMLServlet.service(CFMLServlet.java:29):29
	at javax.servlet.http.HttpServlet.service(HttpServlet.java:848):848
	at org.eclipse.jetty.servlet.ServletHolder.handle(ServletHolder.java:686):686
	at org.eclipse.jetty.servlet.ServletHandler.doHandle(ServletHandler.java:501):501
	at org.eclipse.jetty.server.handler.ScopedHandler.handle(ScopedHandler.java:137):137
	at org.eclipse.jetty.security.SecurityHandler.handle(SecurityHandler.java:557):557
	at org.eclipse.jetty.server.session.SessionHandler.doHandle(SessionHandler.java:231):231
	at org.eclipse.jetty.server.handler.ContextHandler.doHandle(ContextHandler.java:1086):1086
	at org.eclipse.jetty.servlet.ServletHandler.doScope(ServletHandler.java:428):428
	at org.eclipse.jetty.server.session.SessionHandler.doScope(SessionHandler.java:193):193
	at org.eclipse.jetty.server.handler.ContextHandler.doScope(ContextHandler.java:1020):1020
	at org.eclipse.jetty.server.handler.ScopedHandler.handle(ScopedHandler.java:135):135
	at org.eclipse.jetty.server.handler.ContextHandlerCollection.handle(ContextHandlerCollection.java:255):255
	at org.eclipse.jetty.server.handler.HandlerCollection.handle(HandlerCollection.java:154):154
	at org.eclipse.jetty.server.handler.HandlerWrapper.handle(HandlerWrapper.java:116):116
	at org.eclipse.jetty.server.Server.handle(Server.java:370):370
	at org.eclipse.jetty.server.AbstractHttpConnection.handleRequest(AbstractHttpConnection.java:489):489
	at org.eclipse.jetty.server.AbstractHttpConnection.headerComplete(AbstractHttpConnection.java:949):949
	at org.eclipse.jetty.server.AbstractHttpConnection$RequestHandler.headerComplete(AbstractHttpConnection.java:1011):1011
	at org.eclipse.jetty.http.HttpParser.parseNext(HttpParser.java:644):644
	at org.eclipse.jetty.http.HttpParser.parseAvailable(HttpParser.java:235):235
	at org.eclipse.jetty.server.AsyncHttpConnection.handle(AsyncHttpConnection.java:82):82
	at org.eclipse.jetty.io.nio.SelectChannelEndPoint.handle(SelectChannelEndPoint.java:668):668
	at org.eclipse.jetty.io.nio.SelectChannelEndPoint$1.run(SelectChannelEndPoint.java:52):52
	at org.eclipse.jetty.util.thread.QueuedThreadPool.runJob(QueuedThreadPool.java:608):608
	at org.eclipse.jetty.util.thread.QueuedThreadPool$3.run(QueuedThreadPool.java:543):543
	at java.lang.Thread.run(Thread.java:695):695
"
"ERROR","web-0","02/24/2014","18:45:19","","key [SORTBY] doesn't exist (existing keys:page)
	at railo.runtime.type.util.StructSupport.invalidKey(StructSupport.java:51):51
	at railo.runtime.type.StructImpl.get(StructImpl.java:112):112
	at beers.da_beers135.index_cfm$cf.call(/Users/sharon/Documents/projects/talks/2014/boston-cfug-adding-angular/demos/railo/webapps/www/beers/da-beers/index.cfm:22):22
	at railo.runtime.PageContextImpl.doInclude(PageContextImpl.java:838):838
	at railo.runtime.PageContextImpl.doInclude(PageContextImpl.java:790):790
	at railo.runtime.listener.ModernAppListener._onRequest(ModernAppListener.java:205):205
	at railo.runtime.listener.MixedAppListener.onRequest(MixedAppListener.java:18):18
	at railo.runtime.PageContextImpl.execute(PageContextImpl.java:2135):2135
	at railo.runtime.PageContextImpl.execute(PageContextImpl.java:2102):2102
	at railo.runtime.engine.CFMLEngineImpl.serviceCFML(CFMLEngineImpl.java:332):332
	at railo.loader.servlet.CFMLServlet.service(CFMLServlet.java:29):29
	at javax.servlet.http.HttpServlet.service(HttpServlet.java:848):848
	at org.eclipse.jetty.servlet.ServletHolder.handle(ServletHolder.java:686):686
	at org.eclipse.jetty.servlet.ServletHandler.doHandle(ServletHandler.java:501):501
	at org.eclipse.jetty.server.handler.ScopedHandler.handle(ScopedHandler.java:137):137
	at org.eclipse.jetty.security.SecurityHandler.handle(SecurityHandler.java:557):557
	at org.eclipse.jetty.server.session.SessionHandler.doHandle(SessionHandler.java:231):231
	at org.eclipse.jetty.server.handler.ContextHandler.doHandle(ContextHandler.java:1086):1086
	at org.eclipse.jetty.servlet.ServletHandler.doScope(ServletHandler.java:428):428
	at org.eclipse.jetty.server.session.SessionHandler.doScope(SessionHandler.java:193):193
	at org.eclipse.jetty.server.handler.ContextHandler.doScope(ContextHandler.java:1020):1020
	at org.eclipse.jetty.server.handler.ScopedHandler.handle(ScopedHandler.java:135):135
	at org.eclipse.jetty.server.handler.ContextHandlerCollection.handle(ContextHandlerCollection.java:255):255
	at org.eclipse.jetty.server.handler.HandlerCollection.handle(HandlerCollection.java:154):154
	at org.eclipse.jetty.server.handler.HandlerWrapper.handle(HandlerWrapper.java:116):116
	at org.eclipse.jetty.server.Server.handle(Server.java:370):370
	at org.eclipse.jetty.server.AbstractHttpConnection.handleRequest(AbstractHttpConnection.java:489):489
	at org.eclipse.jetty.server.AbstractHttpConnection.headerComplete(AbstractHttpConnection.java:949):949
	at org.eclipse.jetty.server.AbstractHttpConnection$RequestHandler.headerComplete(AbstractHttpConnection.java:1011):1011
	at org.eclipse.jetty.http.HttpParser.parseNext(HttpParser.java:644):644
	at org.eclipse.jetty.http.HttpParser.parseAvailable(HttpParser.java:235):235
	at org.eclipse.jetty.server.AsyncHttpConnection.handle(AsyncHttpConnection.java:82):82
	at org.eclipse.jetty.io.nio.SelectChannelEndPoint.handle(SelectChannelEndPoint.java:668):668
	at org.eclipse.jetty.io.nio.SelectChannelEndPoint$1.run(SelectChannelEndPoint.java:52):52
	at org.eclipse.jetty.util.thread.QueuedThreadPool.runJob(QueuedThreadPool.java:608):608
	at org.eclipse.jetty.util.thread.QueuedThreadPool$3.run(QueuedThreadPool.java:543):543
	at java.lang.Thread.run(Thread.java:695):695
"
"ERROR","web-0","02/24/2014","18:45:20","","key [SORTBY] doesn't exist (existing keys:page)
	at railo.runtime.type.util.StructSupport.invalidKey(StructSupport.java:51):51
	at railo.runtime.type.StructImpl.get(StructImpl.java:112):112
	at beers.da_beers135.index_cfm$cf.call(/Users/sharon/Documents/projects/talks/2014/boston-cfug-adding-angular/demos/railo/webapps/www/beers/da-beers/index.cfm:22):22
	at railo.runtime.PageContextImpl.doInclude(PageContextImpl.java:838):838
	at railo.runtime.PageContextImpl.doInclude(PageContextImpl.java:790):790
	at railo.runtime.listener.ModernAppListener._onRequest(ModernAppListener.java:205):205
	at railo.runtime.listener.MixedAppListener.onRequest(MixedAppListener.java:18):18
	at railo.runtime.PageContextImpl.execute(PageContextImpl.java:2135):2135
	at railo.runtime.PageContextImpl.execute(PageContextImpl.java:2102):2102
	at railo.runtime.engine.CFMLEngineImpl.serviceCFML(CFMLEngineImpl.java:332):332
	at railo.loader.servlet.CFMLServlet.service(CFMLServlet.java:29):29
	at javax.servlet.http.HttpServlet.service(HttpServlet.java:848):848
	at org.eclipse.jetty.servlet.ServletHolder.handle(ServletHolder.java:686):686
	at org.eclipse.jetty.servlet.ServletHandler.doHandle(ServletHandler.java:501):501
	at org.eclipse.jetty.server.handler.ScopedHandler.handle(ScopedHandler.java:137):137
	at org.eclipse.jetty.security.SecurityHandler.handle(SecurityHandler.java:557):557
	at org.eclipse.jetty.server.session.SessionHandler.doHandle(SessionHandler.java:231):231
	at org.eclipse.jetty.server.handler.ContextHandler.doHandle(ContextHandler.java:1086):1086
	at org.eclipse.jetty.servlet.ServletHandler.doScope(ServletHandler.java:428):428
	at org.eclipse.jetty.server.session.SessionHandler.doScope(SessionHandler.java:193):193
	at org.eclipse.jetty.server.handler.ContextHandler.doScope(ContextHandler.java:1020):1020
	at org.eclipse.jetty.server.handler.ScopedHandler.handle(ScopedHandler.java:135):135
	at org.eclipse.jetty.server.handler.ContextHandlerCollection.handle(ContextHandlerCollection.java:255):255
	at org.eclipse.jetty.server.handler.HandlerCollection.handle(HandlerCollection.java:154):154
	at org.eclipse.jetty.server.handler.HandlerWrapper.handle(HandlerWrapper.java:116):116
	at org.eclipse.jetty.server.Server.handle(Server.java:370):370
	at org.eclipse.jetty.server.AbstractHttpConnection.handleRequest(AbstractHttpConnection.java:489):489
	at org.eclipse.jetty.server.AbstractHttpConnection.headerComplete(AbstractHttpConnection.java:949):949
	at org.eclipse.jetty.server.AbstractHttpConnection$RequestHandler.headerComplete(AbstractHttpConnection.java:1011):1011
	at org.eclipse.jetty.http.HttpParser.parseNext(HttpParser.java:644):644
	at org.eclipse.jetty.http.HttpParser.parseAvailable(HttpParser.java:235):235
	at org.eclipse.jetty.server.AsyncHttpConnection.handle(AsyncHttpConnection.java:82):82
	at org.eclipse.jetty.io.nio.SelectChannelEndPoint.handle(SelectChannelEndPoint.java:668):668
	at org.eclipse.jetty.io.nio.SelectChannelEndPoint$1.run(SelectChannelEndPoint.java:52):52
	at org.eclipse.jetty.util.thread.QueuedThreadPool.runJob(QueuedThreadPool.java:608):608
	at org.eclipse.jetty.util.thread.QueuedThreadPool$3.run(QueuedThreadPool.java:543):543
	at java.lang.Thread.run(Thread.java:695):695
"
